-------------------------------------------------------------------------------
Test set: jUnit.TailoredModulesExtractorTest
-------------------------------------------------------------------------------
Tests run: 12, Failures: 0, Errors: 8, Skipped: 0, Time elapsed: 1.374 sec <<< FAILURE!
RoleInstatiationInClassificationModulesTest(jUnit.TailoredModulesExtractorTest)  Time elapsed: 0.44 sec  <<< ERROR!
org.semanticweb.owlapi.io.OWLOntologyInputSourceException: java.io.FileNotFoundException: /Users/Ana/Documents/Work/DatalogModules/PrisM/output/ABox.owl (No such file or directory)
	at org.semanticweb.owlapi.io.FileDocumentSource.getInputStream(FileDocumentSource.java:83)
	at org.semanticweb.owlapi.io.FileDocumentSource.getReader(FileDocumentSource.java:95)
	at org.semanticweb.owlapi.io.AbstractOWLParser.getInputSource(AbstractOWLParser.java:222)
	at org.coode.owlapi.rdfxml.parser.RDFXMLParser.parse(RDFXMLParser.java:116)
	at uk.ac.manchester.cs.owl.owlapi.ParsableOWLOntologyFactory.loadOWLOntology(ParsableOWLOntologyFactory.java:204)
	at uk.ac.manchester.cs.owl.owlapi.OWLOntologyManagerImpl.loadOntology(OWLOntologyManagerImpl.java:827)
	at uk.ac.manchester.cs.owl.owlapi.OWLOntologyManagerImpl.loadOntologyFromOntologyDocument(OWLOntologyManagerImpl.java:771)
	at uk.ac.manchester.cs.owl.owlapi.OWLOntologyManagerImpl.loadOntologyFromOntologyDocument(OWLOntologyManagerImpl.java:784)
	at uk.ac.ox.cs.pagoda.owl.OWLHelper.loadOntology(OWLHelper.java:67)
	at uk.ac.ox.cs.pagoda.owl.OWLHelper.loadOntology(OWLHelper.java:77)
	at uk.ac.ox.cs.prism.ModuleExtractionUpperProgram.load(ModuleExtractionUpperProgram.java:99)
	at uk.ac.ox.cs.prism.PrisM.initProgram(PrisM.java:180)
	at uk.ac.ox.cs.prism.PrisM.extract(PrisM.java:98)
	at uk.ac.ox.cs.prism.PrisM.extract(PrisM.java:90)
	at jUnit.TailoredModulesExtractorTest.RoleInstatiationInClassificationModulesTest(TailoredModulesExtractorTest.java:59)
	at sun.reflect.NativeMethodAccessorImpl.invoke0(Native Method)
	at sun.reflect.NativeMethodAccessorImpl.invoke(NativeMethodAccessorImpl.java:57)
	at sun.reflect.DelegatingMethodAccessorImpl.invoke(DelegatingMethodAccessorImpl.java:43)
	at java.lang.reflect.Method.invoke(Method.java:606)
	at org.junit.runners.model.FrameworkMethod$1.runReflectiveCall(FrameworkMethod.java:45)
	at org.junit.internal.runners.model.ReflectiveCallable.run(ReflectiveCallable.java:15)
	at org.junit.runners.model.FrameworkMethod.invokeExplosively(FrameworkMethod.java:42)
	at org.junit.internal.runners.statements.InvokeMethod.evaluate(InvokeMethod.java:20)
	at org.junit.runners.ParentRunner.runLeaf(ParentRunner.java:263)
	at org.junit.runners.BlockJUnit4ClassRunner.runChild(BlockJUnit4ClassRunner.java:68)
	at org.junit.runners.BlockJUnit4ClassRunner.runChild(BlockJUnit4ClassRunner.java:47)
	at org.junit.runners.ParentRunner$3.run(ParentRunner.java:231)
	at org.junit.runners.ParentRunner$1.schedule(ParentRunner.java:60)
	at org.junit.runners.ParentRunner.runChildren(ParentRunner.java:229)
	at org.junit.runners.ParentRunner.access$000(ParentRunner.java:50)
	at org.junit.runners.ParentRunner$2.evaluate(ParentRunner.java:222)
	at org.junit.runners.ParentRunner.run(ParentRunner.java:300)
	at org.apache.maven.surefire.junit4.JUnit4Provider.execute(JUnit4Provider.java:252)
	at org.apache.maven.surefire.junit4.JUnit4Provider.executeTestSet(JUnit4Provider.java:141)
	at org.apache.maven.surefire.junit4.JUnit4Provider.invoke(JUnit4Provider.java:112)
	at sun.reflect.NativeMethodAccessorImpl.invoke0(Native Method)
	at sun.reflect.NativeMethodAccessorImpl.invoke(NativeMethodAccessorImpl.java:57)
	at sun.reflect.DelegatingMethodAccessorImpl.invoke(DelegatingMethodAccessorImpl.java:43)
	at java.lang.reflect.Method.invoke(Method.java:606)
	at org.apache.maven.surefire.util.ReflectionUtils.invokeMethodWithArray(ReflectionUtils.java:189)
	at org.apache.maven.surefire.booter.ProviderFactory$ProviderProxy.invoke(ProviderFactory.java:165)
	at org.apache.maven.surefire.booter.ProviderFactory.invokeProvider(ProviderFactory.java:85)
	at org.apache.maven.surefire.booter.ForkedBooter.runSuitesInProcess(ForkedBooter.java:115)
	at org.apache.maven.surefire.booter.ForkedBooter.main(ForkedBooter.java:75)
Caused by: java.io.FileNotFoundException: /Users/Ana/Documents/Work/DatalogModules/PrisM/output/ABox.owl (No such file or directory)
	at java.io.FileInputStream.open(Native Method)
	at java.io.FileInputStream.<init>(FileInputStream.java:146)
	at org.semanticweb.owlapi.io.FileDocumentSource.getInputStream(FileDocumentSource.java:81)
	... 43 more

RoleInstatiationInClassificationModulesTest2(jUnit.TailoredModulesExtractorTest)  Time elapsed: 0.014 sec  <<< ERROR!
org.semanticweb.owlapi.io.OWLOntologyInputSourceException: java.io.FileNotFoundException: /Users/Ana/Documents/Work/DatalogModules/PrisM/output/ABox.owl (No such file or directory)
	at org.semanticweb.owlapi.io.FileDocumentSource.getInputStream(FileDocumentSource.java:83)
	at org.semanticweb.owlapi.io.FileDocumentSource.getReader(FileDocumentSource.java:95)
	at org.semanticweb.owlapi.io.AbstractOWLParser.getInputSource(AbstractOWLParser.java:222)
	at org.coode.owlapi.rdfxml.parser.RDFXMLParser.parse(RDFXMLParser.java:116)
	at uk.ac.manchester.cs.owl.owlapi.ParsableOWLOntologyFactory.loadOWLOntology(ParsableOWLOntologyFactory.java:204)
	at uk.ac.manchester.cs.owl.owlapi.OWLOntologyManagerImpl.loadOntology(OWLOntologyManagerImpl.java:827)
	at uk.ac.manchester.cs.owl.owlapi.OWLOntologyManagerImpl.loadOntologyFromOntologyDocument(OWLOntologyManagerImpl.java:771)
	at uk.ac.manchester.cs.owl.owlapi.OWLOntologyManagerImpl.loadOntologyFromOntologyDocument(OWLOntologyManagerImpl.java:784)
	at uk.ac.ox.cs.pagoda.owl.OWLHelper.loadOntology(OWLHelper.java:67)
	at uk.ac.ox.cs.pagoda.owl.OWLHelper.loadOntology(OWLHelper.java:77)
	at uk.ac.ox.cs.prism.ModuleExtractionUpperProgram.load(ModuleExtractionUpperProgram.java:99)
	at uk.ac.ox.cs.prism.PrisM.initProgram(PrisM.java:180)
	at uk.ac.ox.cs.prism.PrisM.extract(PrisM.java:98)
	at uk.ac.ox.cs.prism.PrisM.extract(PrisM.java:90)
	at jUnit.TailoredModulesExtractorTest.RoleInstatiationInClassificationModulesTest2(TailoredModulesExtractorTest.java:101)
	at sun.reflect.NativeMethodAccessorImpl.invoke0(Native Method)
	at sun.reflect.NativeMethodAccessorImpl.invoke(NativeMethodAccessorImpl.java:57)
	at sun.reflect.DelegatingMethodAccessorImpl.invoke(DelegatingMethodAccessorImpl.java:43)
	at java.lang.reflect.Method.invoke(Method.java:606)
	at org.junit.runners.model.FrameworkMethod$1.runReflectiveCall(FrameworkMethod.java:45)
	at org.junit.internal.runners.model.ReflectiveCallable.run(ReflectiveCallable.java:15)
	at org.junit.runners.model.FrameworkMethod.invokeExplosively(FrameworkMethod.java:42)
	at org.junit.internal.runners.statements.InvokeMethod.evaluate(InvokeMethod.java:20)
	at org.junit.runners.ParentRunner.runLeaf(ParentRunner.java:263)
	at org.junit.runners.BlockJUnit4ClassRunner.runChild(BlockJUnit4ClassRunner.java:68)
	at org.junit.runners.BlockJUnit4ClassRunner.runChild(BlockJUnit4ClassRunner.java:47)
	at org.junit.runners.ParentRunner$3.run(ParentRunner.java:231)
	at org.junit.runners.ParentRunner$1.schedule(ParentRunner.java:60)
	at org.junit.runners.ParentRunner.runChildren(ParentRunner.java:229)
	at org.junit.runners.ParentRunner.access$000(ParentRunner.java:50)
	at org.junit.runners.ParentRunner$2.evaluate(ParentRunner.java:222)
	at org.junit.runners.ParentRunner.run(ParentRunner.java:300)
	at org.apache.maven.surefire.junit4.JUnit4Provider.execute(JUnit4Provider.java:252)
	at org.apache.maven.surefire.junit4.JUnit4Provider.executeTestSet(JUnit4Provider.java:141)
	at org.apache.maven.surefire.junit4.JUnit4Provider.invoke(JUnit4Provider.java:112)
	at sun.reflect.NativeMethodAccessorImpl.invoke0(Native Method)
	at sun.reflect.NativeMethodAccessorImpl.invoke(NativeMethodAccessorImpl.java:57)
	at sun.reflect.DelegatingMethodAccessorImpl.invoke(DelegatingMethodAccessorImpl.java:43)
	at java.lang.reflect.Method.invoke(Method.java:606)
	at org.apache.maven.surefire.util.ReflectionUtils.invokeMethodWithArray(ReflectionUtils.java:189)
	at org.apache.maven.surefire.booter.ProviderFactory$ProviderProxy.invoke(ProviderFactory.java:165)
	at org.apache.maven.surefire.booter.ProviderFactory.invokeProvider(ProviderFactory.java:85)
	at org.apache.maven.surefire.booter.ForkedBooter.runSuitesInProcess(ForkedBooter.java:115)
	at org.apache.maven.surefire.booter.ForkedBooter.main(ForkedBooter.java:75)
Caused by: java.io.FileNotFoundException: /Users/Ana/Documents/Work/DatalogModules/PrisM/output/ABox.owl (No such file or directory)
	at java.io.FileInputStream.open(Native Method)
	at java.io.FileInputStream.<init>(FileInputStream.java:146)
	at org.semanticweb.owlapi.io.FileDocumentSource.getInputStream(FileDocumentSource.java:81)
	... 43 more

NotRetrievingProofsForTautologiesInClassificationTest(jUnit.TailoredModulesExtractorTest)  Time elapsed: 0.014 sec  <<< ERROR!
org.semanticweb.owlapi.io.OWLOntologyInputSourceException: java.io.FileNotFoundException: /Users/Ana/Documents/Work/DatalogModules/PrisM/output/ABox.owl (No such file or directory)
	at org.semanticweb.owlapi.io.FileDocumentSource.getInputStream(FileDocumentSource.java:83)
	at org.semanticweb.owlapi.io.FileDocumentSource.getReader(FileDocumentSource.java:95)
	at org.semanticweb.owlapi.io.AbstractOWLParser.getInputSource(AbstractOWLParser.java:222)
	at org.coode.owlapi.rdfxml.parser.RDFXMLParser.parse(RDFXMLParser.java:116)
	at uk.ac.manchester.cs.owl.owlapi.ParsableOWLOntologyFactory.loadOWLOntology(ParsableOWLOntologyFactory.java:204)
	at uk.ac.manchester.cs.owl.owlapi.OWLOntologyManagerImpl.loadOntology(OWLOntologyManagerImpl.java:827)
	at uk.ac.manchester.cs.owl.owlapi.OWLOntologyManagerImpl.loadOntologyFromOntologyDocument(OWLOntologyManagerImpl.java:771)
	at uk.ac.manchester.cs.owl.owlapi.OWLOntologyManagerImpl.loadOntologyFromOntologyDocument(OWLOntologyManagerImpl.java:784)
	at uk.ac.ox.cs.pagoda.owl.OWLHelper.loadOntology(OWLHelper.java:67)
	at uk.ac.ox.cs.pagoda.owl.OWLHelper.loadOntology(OWLHelper.java:77)
	at uk.ac.ox.cs.prism.ModuleExtractionUpperProgram.load(ModuleExtractionUpperProgram.java:99)
	at uk.ac.ox.cs.prism.PrisM.initProgram(PrisM.java:180)
	at uk.ac.ox.cs.prism.PrisM.extract(PrisM.java:98)
	at uk.ac.ox.cs.prism.PrisM.extract(PrisM.java:90)
	at jUnit.TailoredModulesExtractorTest.NotRetrievingProofsForTautologiesInClassificationTest(TailoredModulesExtractorTest.java:134)
	at sun.reflect.NativeMethodAccessorImpl.invoke0(Native Method)
	at sun.reflect.NativeMethodAccessorImpl.invoke(NativeMethodAccessorImpl.java:57)
	at sun.reflect.DelegatingMethodAccessorImpl.invoke(DelegatingMethodAccessorImpl.java:43)
	at java.lang.reflect.Method.invoke(Method.java:606)
	at org.junit.runners.model.FrameworkMethod$1.runReflectiveCall(FrameworkMethod.java:45)
	at org.junit.internal.runners.model.ReflectiveCallable.run(ReflectiveCallable.java:15)
	at org.junit.runners.model.FrameworkMethod.invokeExplosively(FrameworkMethod.java:42)
	at org.junit.internal.runners.statements.InvokeMethod.evaluate(InvokeMethod.java:20)
	at org.junit.runners.ParentRunner.runLeaf(ParentRunner.java:263)
	at org.junit.runners.BlockJUnit4ClassRunner.runChild(BlockJUnit4ClassRunner.java:68)
	at org.junit.runners.BlockJUnit4ClassRunner.runChild(BlockJUnit4ClassRunner.java:47)
	at org.junit.runners.ParentRunner$3.run(ParentRunner.java:231)
	at org.junit.runners.ParentRunner$1.schedule(ParentRunner.java:60)
	at org.junit.runners.ParentRunner.runChildren(ParentRunner.java:229)
	at org.junit.runners.ParentRunner.access$000(ParentRunner.java:50)
	at org.junit.runners.ParentRunner$2.evaluate(ParentRunner.java:222)
	at org.junit.runners.ParentRunner.run(ParentRunner.java:300)
	at org.apache.maven.surefire.junit4.JUnit4Provider.execute(JUnit4Provider.java:252)
	at org.apache.maven.surefire.junit4.JUnit4Provider.executeTestSet(JUnit4Provider.java:141)
	at org.apache.maven.surefire.junit4.JUnit4Provider.invoke(JUnit4Provider.java:112)
	at sun.reflect.NativeMethodAccessorImpl.invoke0(Native Method)
	at sun.reflect.NativeMethodAccessorImpl.invoke(NativeMethodAccessorImpl.java:57)
	at sun.reflect.DelegatingMethodAccessorImpl.invoke(DelegatingMethodAccessorImpl.java:43)
	at java.lang.reflect.Method.invoke(Method.java:606)
	at org.apache.maven.surefire.util.ReflectionUtils.invokeMethodWithArray(ReflectionUtils.java:189)
	at org.apache.maven.surefire.booter.ProviderFactory$ProviderProxy.invoke(ProviderFactory.java:165)
	at org.apache.maven.surefire.booter.ProviderFactory.invokeProvider(ProviderFactory.java:85)
	at org.apache.maven.surefire.booter.ForkedBooter.runSuitesInProcess(ForkedBooter.java:115)
	at org.apache.maven.surefire.booter.ForkedBooter.main(ForkedBooter.java:75)
Caused by: java.io.FileNotFoundException: /Users/Ana/Documents/Work/DatalogModules/PrisM/output/ABox.owl (No such file or directory)
	at java.io.FileInputStream.open(Native Method)
	at java.io.FileInputStream.<init>(FileInputStream.java:146)
	at org.semanticweb.owlapi.io.FileDocumentSource.getInputStream(FileDocumentSource.java:81)
	... 43 more

RunningExampleImplicationInsepTest(jUnit.TailoredModulesExtractorTest)  Time elapsed: 0.034 sec  <<< ERROR!
org.semanticweb.owlapi.io.OWLOntologyInputSourceException: java.io.FileNotFoundException: /Users/Ana/Documents/Work/DatalogModules/PrisM/output/ABox.owl (No such file or directory)
	at org.semanticweb.owlapi.io.FileDocumentSource.getInputStream(FileDocumentSource.java:83)
	at org.semanticweb.owlapi.io.FileDocumentSource.getReader(FileDocumentSource.java:95)
	at org.semanticweb.owlapi.io.AbstractOWLParser.getInputSource(AbstractOWLParser.java:222)
	at org.coode.owlapi.rdfxml.parser.RDFXMLParser.parse(RDFXMLParser.java:116)
	at uk.ac.manchester.cs.owl.owlapi.ParsableOWLOntologyFactory.loadOWLOntology(ParsableOWLOntologyFactory.java:204)
	at uk.ac.manchester.cs.owl.owlapi.OWLOntologyManagerImpl.loadOntology(OWLOntologyManagerImpl.java:827)
	at uk.ac.manchester.cs.owl.owlapi.OWLOntologyManagerImpl.loadOntologyFromOntologyDocument(OWLOntologyManagerImpl.java:771)
	at uk.ac.manchester.cs.owl.owlapi.OWLOntologyManagerImpl.loadOntologyFromOntologyDocument(OWLOntologyManagerImpl.java:784)
	at uk.ac.ox.cs.pagoda.owl.OWLHelper.loadOntology(OWLHelper.java:67)
	at uk.ac.ox.cs.pagoda.owl.OWLHelper.loadOntology(OWLHelper.java:77)
	at uk.ac.ox.cs.prism.ModuleExtractionUpperProgram.load(ModuleExtractionUpperProgram.java:99)
	at uk.ac.ox.cs.prism.PrisM.initProgram(PrisM.java:180)
	at uk.ac.ox.cs.prism.PrisM.extract(PrisM.java:98)
	at uk.ac.ox.cs.prism.PrisM.extract(PrisM.java:90)
	at jUnit.TailoredModulesExtractorTest.RunningExampleImplicationInsepTest(TailoredModulesExtractorTest.java:189)
	at sun.reflect.NativeMethodAccessorImpl.invoke0(Native Method)
	at sun.reflect.NativeMethodAccessorImpl.invoke(NativeMethodAccessorImpl.java:57)
	at sun.reflect.DelegatingMethodAccessorImpl.invoke(DelegatingMethodAccessorImpl.java:43)
	at java.lang.reflect.Method.invoke(Method.java:606)
	at org.junit.runners.model.FrameworkMethod$1.runReflectiveCall(FrameworkMethod.java:45)
	at org.junit.internal.runners.model.ReflectiveCallable.run(ReflectiveCallable.java:15)
	at org.junit.runners.model.FrameworkMethod.invokeExplosively(FrameworkMethod.java:42)
	at org.junit.internal.runners.statements.InvokeMethod.evaluate(InvokeMethod.java:20)
	at org.junit.runners.ParentRunner.runLeaf(ParentRunner.java:263)
	at org.junit.runners.BlockJUnit4ClassRunner.runChild(BlockJUnit4ClassRunner.java:68)
	at org.junit.runners.BlockJUnit4ClassRunner.runChild(BlockJUnit4ClassRunner.java:47)
	at org.junit.runners.ParentRunner$3.run(ParentRunner.java:231)
	at org.junit.runners.ParentRunner$1.schedule(ParentRunner.java:60)
	at org.junit.runners.ParentRunner.runChildren(ParentRunner.java:229)
	at org.junit.runners.ParentRunner.access$000(ParentRunner.java:50)
	at org.junit.runners.ParentRunner$2.evaluate(ParentRunner.java:222)
	at org.junit.runners.ParentRunner.run(ParentRunner.java:300)
	at org.apache.maven.surefire.junit4.JUnit4Provider.execute(JUnit4Provider.java:252)
	at org.apache.maven.surefire.junit4.JUnit4Provider.executeTestSet(JUnit4Provider.java:141)
	at org.apache.maven.surefire.junit4.JUnit4Provider.invoke(JUnit4Provider.java:112)
	at sun.reflect.NativeMethodAccessorImpl.invoke0(Native Method)
	at sun.reflect.NativeMethodAccessorImpl.invoke(NativeMethodAccessorImpl.java:57)
	at sun.reflect.DelegatingMethodAccessorImpl.invoke(DelegatingMethodAccessorImpl.java:43)
	at java.lang.reflect.Method.invoke(Method.java:606)
	at org.apache.maven.surefire.util.ReflectionUtils.invokeMethodWithArray(ReflectionUtils.java:189)
	at org.apache.maven.surefire.booter.ProviderFactory$ProviderProxy.invoke(ProviderFactory.java:165)
	at org.apache.maven.surefire.booter.ProviderFactory.invokeProvider(ProviderFactory.java:85)
	at org.apache.maven.surefire.booter.ForkedBooter.runSuitesInProcess(ForkedBooter.java:115)
	at org.apache.maven.surefire.booter.ForkedBooter.main(ForkedBooter.java:75)
Caused by: java.io.FileNotFoundException: /Users/Ana/Documents/Work/DatalogModules/PrisM/output/ABox.owl (No such file or directory)
	at java.io.FileInputStream.open(Native Method)
	at java.io.FileInputStream.<init>(FileInputStream.java:146)
	at org.semanticweb.owlapi.io.FileDocumentSource.getInputStream(FileDocumentSource.java:81)
	... 43 more

RunningExampleFactInsep1Test(jUnit.TailoredModulesExtractorTest)  Time elapsed: 0.016 sec  <<< ERROR!
org.semanticweb.owlapi.io.OWLOntologyInputSourceException: java.io.FileNotFoundException: /Users/Ana/Documents/Work/DatalogModules/PrisM/output/ABox.owl (No such file or directory)
	at org.semanticweb.owlapi.io.FileDocumentSource.getInputStream(FileDocumentSource.java:83)
	at org.semanticweb.owlapi.io.FileDocumentSource.getReader(FileDocumentSource.java:95)
	at org.semanticweb.owlapi.io.AbstractOWLParser.getInputSource(AbstractOWLParser.java:222)
	at org.coode.owlapi.rdfxml.parser.RDFXMLParser.parse(RDFXMLParser.java:116)
	at uk.ac.manchester.cs.owl.owlapi.ParsableOWLOntologyFactory.loadOWLOntology(ParsableOWLOntologyFactory.java:204)
	at uk.ac.manchester.cs.owl.owlapi.OWLOntologyManagerImpl.loadOntology(OWLOntologyManagerImpl.java:827)
	at uk.ac.manchester.cs.owl.owlapi.OWLOntologyManagerImpl.loadOntologyFromOntologyDocument(OWLOntologyManagerImpl.java:771)
	at uk.ac.manchester.cs.owl.owlapi.OWLOntologyManagerImpl.loadOntologyFromOntologyDocument(OWLOntologyManagerImpl.java:784)
	at uk.ac.ox.cs.pagoda.owl.OWLHelper.loadOntology(OWLHelper.java:67)
	at uk.ac.ox.cs.pagoda.owl.OWLHelper.loadOntology(OWLHelper.java:77)
	at uk.ac.ox.cs.prism.ModuleExtractionUpperProgram.load(ModuleExtractionUpperProgram.java:99)
	at uk.ac.ox.cs.prism.PrisM.initProgram(PrisM.java:180)
	at uk.ac.ox.cs.prism.PrisM.extract(PrisM.java:98)
	at uk.ac.ox.cs.prism.PrisM.extract(PrisM.java:90)
	at jUnit.TailoredModulesExtractorTest.RunningExampleFactInsep1Test(TailoredModulesExtractorTest.java:247)
	at sun.reflect.NativeMethodAccessorImpl.invoke0(Native Method)
	at sun.reflect.NativeMethodAccessorImpl.invoke(NativeMethodAccessorImpl.java:57)
	at sun.reflect.DelegatingMethodAccessorImpl.invoke(DelegatingMethodAccessorImpl.java:43)
	at java.lang.reflect.Method.invoke(Method.java:606)
	at org.junit.runners.model.FrameworkMethod$1.runReflectiveCall(FrameworkMethod.java:45)
	at org.junit.internal.runners.model.ReflectiveCallable.run(ReflectiveCallable.java:15)
	at org.junit.runners.model.FrameworkMethod.invokeExplosively(FrameworkMethod.java:42)
	at org.junit.internal.runners.statements.InvokeMethod.evaluate(InvokeMethod.java:20)
	at org.junit.runners.ParentRunner.runLeaf(ParentRunner.java:263)
	at org.junit.runners.BlockJUnit4ClassRunner.runChild(BlockJUnit4ClassRunner.java:68)
	at org.junit.runners.BlockJUnit4ClassRunner.runChild(BlockJUnit4ClassRunner.java:47)
	at org.junit.runners.ParentRunner$3.run(ParentRunner.java:231)
	at org.junit.runners.ParentRunner$1.schedule(ParentRunner.java:60)
	at org.junit.runners.ParentRunner.runChildren(ParentRunner.java:229)
	at org.junit.runners.ParentRunner.access$000(ParentRunner.java:50)
	at org.junit.runners.ParentRunner$2.evaluate(ParentRunner.java:222)
	at org.junit.runners.ParentRunner.run(ParentRunner.java:300)
	at org.apache.maven.surefire.junit4.JUnit4Provider.execute(JUnit4Provider.java:252)
	at org.apache.maven.surefire.junit4.JUnit4Provider.executeTestSet(JUnit4Provider.java:141)
	at org.apache.maven.surefire.junit4.JUnit4Provider.invoke(JUnit4Provider.java:112)
	at sun.reflect.NativeMethodAccessorImpl.invoke0(Native Method)
	at sun.reflect.NativeMethodAccessorImpl.invoke(NativeMethodAccessorImpl.java:57)
	at sun.reflect.DelegatingMethodAccessorImpl.invoke(DelegatingMethodAccessorImpl.java:43)
	at java.lang.reflect.Method.invoke(Method.java:606)
	at org.apache.maven.surefire.util.ReflectionUtils.invokeMethodWithArray(ReflectionUtils.java:189)
	at org.apache.maven.surefire.booter.ProviderFactory$ProviderProxy.invoke(ProviderFactory.java:165)
	at org.apache.maven.surefire.booter.ProviderFactory.invokeProvider(ProviderFactory.java:85)
	at org.apache.maven.surefire.booter.ForkedBooter.runSuitesInProcess(ForkedBooter.java:115)
	at org.apache.maven.surefire.booter.ForkedBooter.main(ForkedBooter.java:75)
Caused by: java.io.FileNotFoundException: /Users/Ana/Documents/Work/DatalogModules/PrisM/output/ABox.owl (No such file or directory)
	at java.io.FileInputStream.open(Native Method)
	at java.io.FileInputStream.<init>(FileInputStream.java:146)
	at org.semanticweb.owlapi.io.FileDocumentSource.getInputStream(FileDocumentSource.java:81)
	... 43 more

RunningExampleFactInsep2Test(jUnit.TailoredModulesExtractorTest)  Time elapsed: 0.015 sec  <<< ERROR!
org.semanticweb.owlapi.io.OWLOntologyInputSourceException: java.io.FileNotFoundException: /Users/Ana/Documents/Work/DatalogModules/PrisM/output/ABox.owl (No such file or directory)
	at org.semanticweb.owlapi.io.FileDocumentSource.getInputStream(FileDocumentSource.java:83)
	at org.semanticweb.owlapi.io.FileDocumentSource.getReader(FileDocumentSource.java:95)
	at org.semanticweb.owlapi.io.AbstractOWLParser.getInputSource(AbstractOWLParser.java:222)
	at org.coode.owlapi.rdfxml.parser.RDFXMLParser.parse(RDFXMLParser.java:116)
	at uk.ac.manchester.cs.owl.owlapi.ParsableOWLOntologyFactory.loadOWLOntology(ParsableOWLOntologyFactory.java:204)
	at uk.ac.manchester.cs.owl.owlapi.OWLOntologyManagerImpl.loadOntology(OWLOntologyManagerImpl.java:827)
	at uk.ac.manchester.cs.owl.owlapi.OWLOntologyManagerImpl.loadOntologyFromOntologyDocument(OWLOntologyManagerImpl.java:771)
	at uk.ac.manchester.cs.owl.owlapi.OWLOntologyManagerImpl.loadOntologyFromOntologyDocument(OWLOntologyManagerImpl.java:784)
	at uk.ac.ox.cs.pagoda.owl.OWLHelper.loadOntology(OWLHelper.java:67)
	at uk.ac.ox.cs.pagoda.owl.OWLHelper.loadOntology(OWLHelper.java:77)
	at uk.ac.ox.cs.prism.ModuleExtractionUpperProgram.load(ModuleExtractionUpperProgram.java:99)
	at uk.ac.ox.cs.prism.PrisM.initProgram(PrisM.java:180)
	at uk.ac.ox.cs.prism.PrisM.extract(PrisM.java:98)
	at uk.ac.ox.cs.prism.PrisM.extract(PrisM.java:90)
	at jUnit.TailoredModulesExtractorTest.RunningExampleFactInsep2Test(TailoredModulesExtractorTest.java:305)
	at sun.reflect.NativeMethodAccessorImpl.invoke0(Native Method)
	at sun.reflect.NativeMethodAccessorImpl.invoke(NativeMethodAccessorImpl.java:57)
	at sun.reflect.DelegatingMethodAccessorImpl.invoke(DelegatingMethodAccessorImpl.java:43)
	at java.lang.reflect.Method.invoke(Method.java:606)
	at org.junit.runners.model.FrameworkMethod$1.runReflectiveCall(FrameworkMethod.java:45)
	at org.junit.internal.runners.model.ReflectiveCallable.run(ReflectiveCallable.java:15)
	at org.junit.runners.model.FrameworkMethod.invokeExplosively(FrameworkMethod.java:42)
	at org.junit.internal.runners.statements.InvokeMethod.evaluate(InvokeMethod.java:20)
	at org.junit.runners.ParentRunner.runLeaf(ParentRunner.java:263)
	at org.junit.runners.BlockJUnit4ClassRunner.runChild(BlockJUnit4ClassRunner.java:68)
	at org.junit.runners.BlockJUnit4ClassRunner.runChild(BlockJUnit4ClassRunner.java:47)
	at org.junit.runners.ParentRunner$3.run(ParentRunner.java:231)
	at org.junit.runners.ParentRunner$1.schedule(ParentRunner.java:60)
	at org.junit.runners.ParentRunner.runChildren(ParentRunner.java:229)
	at org.junit.runners.ParentRunner.access$000(ParentRunner.java:50)
	at org.junit.runners.ParentRunner$2.evaluate(ParentRunner.java:222)
	at org.junit.runners.ParentRunner.run(ParentRunner.java:300)
	at org.apache.maven.surefire.junit4.JUnit4Provider.execute(JUnit4Provider.java:252)
	at org.apache.maven.surefire.junit4.JUnit4Provider.executeTestSet(JUnit4Provider.java:141)
	at org.apache.maven.surefire.junit4.JUnit4Provider.invoke(JUnit4Provider.java:112)
	at sun.reflect.NativeMethodAccessorImpl.invoke0(Native Method)
	at sun.reflect.NativeMethodAccessorImpl.invoke(NativeMethodAccessorImpl.java:57)
	at sun.reflect.DelegatingMethodAccessorImpl.invoke(DelegatingMethodAccessorImpl.java:43)
	at java.lang.reflect.Method.invoke(Method.java:606)
	at org.apache.maven.surefire.util.ReflectionUtils.invokeMethodWithArray(ReflectionUtils.java:189)
	at org.apache.maven.surefire.booter.ProviderFactory$ProviderProxy.invoke(ProviderFactory.java:165)
	at org.apache.maven.surefire.booter.ProviderFactory.invokeProvider(ProviderFactory.java:85)
	at org.apache.maven.surefire.booter.ForkedBooter.runSuitesInProcess(ForkedBooter.java:115)
	at org.apache.maven.surefire.booter.ForkedBooter.main(ForkedBooter.java:75)
Caused by: java.io.FileNotFoundException: /Users/Ana/Documents/Work/DatalogModules/PrisM/output/ABox.owl (No such file or directory)
	at java.io.FileInputStream.open(Native Method)
	at java.io.FileInputStream.<init>(FileInputStream.java:146)
	at org.semanticweb.owlapi.io.FileDocumentSource.getInputStream(FileDocumentSource.java:81)
	... 43 more

RunningExampleCQInsepTest(jUnit.TailoredModulesExtractorTest)  Time elapsed: 0.023 sec  <<< ERROR!
org.semanticweb.owlapi.io.OWLOntologyInputSourceException: java.io.FileNotFoundException: /Users/Ana/Documents/Work/DatalogModules/PrisM/output/ABox.owl (No such file or directory)
	at org.semanticweb.owlapi.io.FileDocumentSource.getInputStream(FileDocumentSource.java:83)
	at org.semanticweb.owlapi.io.FileDocumentSource.getReader(FileDocumentSource.java:95)
	at org.semanticweb.owlapi.io.AbstractOWLParser.getInputSource(AbstractOWLParser.java:222)
	at org.coode.owlapi.rdfxml.parser.RDFXMLParser.parse(RDFXMLParser.java:116)
	at uk.ac.manchester.cs.owl.owlapi.ParsableOWLOntologyFactory.loadOWLOntology(ParsableOWLOntologyFactory.java:204)
	at uk.ac.manchester.cs.owl.owlapi.OWLOntologyManagerImpl.loadOntology(OWLOntologyManagerImpl.java:827)
	at uk.ac.manchester.cs.owl.owlapi.OWLOntologyManagerImpl.loadOntologyFromOntologyDocument(OWLOntologyManagerImpl.java:771)
	at uk.ac.manchester.cs.owl.owlapi.OWLOntologyManagerImpl.loadOntologyFromOntologyDocument(OWLOntologyManagerImpl.java:784)
	at uk.ac.ox.cs.pagoda.owl.OWLHelper.loadOntology(OWLHelper.java:67)
	at uk.ac.ox.cs.pagoda.owl.OWLHelper.loadOntology(OWLHelper.java:77)
	at uk.ac.ox.cs.prism.ModuleExtractionUpperProgram.load(ModuleExtractionUpperProgram.java:99)
	at uk.ac.ox.cs.prism.PrisM.initProgram(PrisM.java:180)
	at uk.ac.ox.cs.prism.PrisM.extract(PrisM.java:98)
	at uk.ac.ox.cs.prism.PrisM.extract(PrisM.java:90)
	at jUnit.TailoredModulesExtractorTest.RunningExampleCQInsepTest(TailoredModulesExtractorTest.java:359)
	at sun.reflect.NativeMethodAccessorImpl.invoke0(Native Method)
	at sun.reflect.NativeMethodAccessorImpl.invoke(NativeMethodAccessorImpl.java:57)
	at sun.reflect.DelegatingMethodAccessorImpl.invoke(DelegatingMethodAccessorImpl.java:43)
	at java.lang.reflect.Method.invoke(Method.java:606)
	at org.junit.runners.model.FrameworkMethod$1.runReflectiveCall(FrameworkMethod.java:45)
	at org.junit.internal.runners.model.ReflectiveCallable.run(ReflectiveCallable.java:15)
	at org.junit.runners.model.FrameworkMethod.invokeExplosively(FrameworkMethod.java:42)
	at org.junit.internal.runners.statements.InvokeMethod.evaluate(InvokeMethod.java:20)
	at org.junit.runners.ParentRunner.runLeaf(ParentRunner.java:263)
	at org.junit.runners.BlockJUnit4ClassRunner.runChild(BlockJUnit4ClassRunner.java:68)
	at org.junit.runners.BlockJUnit4ClassRunner.runChild(BlockJUnit4ClassRunner.java:47)
	at org.junit.runners.ParentRunner$3.run(ParentRunner.java:231)
	at org.junit.runners.ParentRunner$1.schedule(ParentRunner.java:60)
	at org.junit.runners.ParentRunner.runChildren(ParentRunner.java:229)
	at org.junit.runners.ParentRunner.access$000(ParentRunner.java:50)
	at org.junit.runners.ParentRunner$2.evaluate(ParentRunner.java:222)
	at org.junit.runners.ParentRunner.run(ParentRunner.java:300)
	at org.apache.maven.surefire.junit4.JUnit4Provider.execute(JUnit4Provider.java:252)
	at org.apache.maven.surefire.junit4.JUnit4Provider.executeTestSet(JUnit4Provider.java:141)
	at org.apache.maven.surefire.junit4.JUnit4Provider.invoke(JUnit4Provider.java:112)
	at sun.reflect.NativeMethodAccessorImpl.invoke0(Native Method)
	at sun.reflect.NativeMethodAccessorImpl.invoke(NativeMethodAccessorImpl.java:57)
	at sun.reflect.DelegatingMethodAccessorImpl.invoke(DelegatingMethodAccessorImpl.java:43)
	at java.lang.reflect.Method.invoke(Method.java:606)
	at org.apache.maven.surefire.util.ReflectionUtils.invokeMethodWithArray(ReflectionUtils.java:189)
	at org.apache.maven.surefire.booter.ProviderFactory$ProviderProxy.invoke(ProviderFactory.java:165)
	at org.apache.maven.surefire.booter.ProviderFactory.invokeProvider(ProviderFactory.java:85)
	at org.apache.maven.surefire.booter.ForkedBooter.runSuitesInProcess(ForkedBooter.java:115)
	at org.apache.maven.surefire.booter.ForkedBooter.main(ForkedBooter.java:75)
Caused by: java.io.FileNotFoundException: /Users/Ana/Documents/Work/DatalogModules/PrisM/output/ABox.owl (No such file or directory)
	at java.io.FileInputStream.open(Native Method)
	at java.io.FileInputStream.<init>(FileInputStream.java:146)
	at org.semanticweb.owlapi.io.FileDocumentSource.getInputStream(FileDocumentSource.java:81)
	... 43 more

RunningExampleWeakCQInsepTest(jUnit.TailoredModulesExtractorTest)  Time elapsed: 0.016 sec  <<< ERROR!
org.semanticweb.owlapi.io.OWLOntologyInputSourceException: java.io.FileNotFoundException: /Users/Ana/Documents/Work/DatalogModules/PrisM/output/ABox.owl (No such file or directory)
	at org.semanticweb.owlapi.io.FileDocumentSource.getInputStream(FileDocumentSource.java:83)
	at org.semanticweb.owlapi.io.FileDocumentSource.getReader(FileDocumentSource.java:95)
	at org.semanticweb.owlapi.io.AbstractOWLParser.getInputSource(AbstractOWLParser.java:222)
	at org.coode.owlapi.rdfxml.parser.RDFXMLParser.parse(RDFXMLParser.java:116)
	at uk.ac.manchester.cs.owl.owlapi.ParsableOWLOntologyFactory.loadOWLOntology(ParsableOWLOntologyFactory.java:204)
	at uk.ac.manchester.cs.owl.owlapi.OWLOntologyManagerImpl.loadOntology(OWLOntologyManagerImpl.java:827)
	at uk.ac.manchester.cs.owl.owlapi.OWLOntologyManagerImpl.loadOntologyFromOntologyDocument(OWLOntologyManagerImpl.java:771)
	at uk.ac.manchester.cs.owl.owlapi.OWLOntologyManagerImpl.loadOntologyFromOntologyDocument(OWLOntologyManagerImpl.java:784)
	at uk.ac.ox.cs.pagoda.owl.OWLHelper.loadOntology(OWLHelper.java:67)
	at uk.ac.ox.cs.pagoda.owl.OWLHelper.loadOntology(OWLHelper.java:77)
	at uk.ac.ox.cs.prism.ModuleExtractionUpperProgram.load(ModuleExtractionUpperProgram.java:99)
	at uk.ac.ox.cs.prism.PrisM.initProgram(PrisM.java:180)
	at uk.ac.ox.cs.prism.PrisM.extract(PrisM.java:98)
	at uk.ac.ox.cs.prism.PrisM.extract(PrisM.java:90)
	at jUnit.TailoredModulesExtractorTest.RunningExampleWeakCQInsepTest(TailoredModulesExtractorTest.java:411)
	at sun.reflect.NativeMethodAccessorImpl.invoke0(Native Method)
	at sun.reflect.NativeMethodAccessorImpl.invoke(NativeMethodAccessorImpl.java:57)
	at sun.reflect.DelegatingMethodAccessorImpl.invoke(DelegatingMethodAccessorImpl.java:43)
	at java.lang.reflect.Method.invoke(Method.java:606)
	at org.junit.runners.model.FrameworkMethod$1.runReflectiveCall(FrameworkMethod.java:45)
	at org.junit.internal.runners.model.ReflectiveCallable.run(ReflectiveCallable.java:15)
	at org.junit.runners.model.FrameworkMethod.invokeExplosively(FrameworkMethod.java:42)
	at org.junit.internal.runners.statements.InvokeMethod.evaluate(InvokeMethod.java:20)
	at org.junit.runners.ParentRunner.runLeaf(ParentRunner.java:263)
	at org.junit.runners.BlockJUnit4ClassRunner.runChild(BlockJUnit4ClassRunner.java:68)
	at org.junit.runners.BlockJUnit4ClassRunner.runChild(BlockJUnit4ClassRunner.java:47)
	at org.junit.runners.ParentRunner$3.run(ParentRunner.java:231)
	at org.junit.runners.ParentRunner$1.schedule(ParentRunner.java:60)
	at org.junit.runners.ParentRunner.runChildren(ParentRunner.java:229)
	at org.junit.runners.ParentRunner.access$000(ParentRunner.java:50)
	at org.junit.runners.ParentRunner$2.evaluate(ParentRunner.java:222)
	at org.junit.runners.ParentRunner.run(ParentRunner.java:300)
	at org.apache.maven.surefire.junit4.JUnit4Provider.execute(JUnit4Provider.java:252)
	at org.apache.maven.surefire.junit4.JUnit4Provider.executeTestSet(JUnit4Provider.java:141)
	at org.apache.maven.surefire.junit4.JUnit4Provider.invoke(JUnit4Provider.java:112)
	at sun.reflect.NativeMethodAccessorImpl.invoke0(Native Method)
	at sun.reflect.NativeMethodAccessorImpl.invoke(NativeMethodAccessorImpl.java:57)
	at sun.reflect.DelegatingMethodAccessorImpl.invoke(DelegatingMethodAccessorImpl.java:43)
	at java.lang.reflect.Method.invoke(Method.java:606)
	at org.apache.maven.surefire.util.ReflectionUtils.invokeMethodWithArray(ReflectionUtils.java:189)
	at org.apache.maven.surefire.booter.ProviderFactory$ProviderProxy.invoke(ProviderFactory.java:165)
	at org.apache.maven.surefire.booter.ProviderFactory.invokeProvider(ProviderFactory.java:85)
	at org.apache.maven.surefire.booter.ForkedBooter.runSuitesInProcess(ForkedBooter.java:115)
	at org.apache.maven.surefire.booter.ForkedBooter.main(ForkedBooter.java:75)
Caused by: java.io.FileNotFoundException: /Users/Ana/Documents/Work/DatalogModules/PrisM/output/ABox.owl (No such file or directory)
	at java.io.FileInputStream.open(Native Method)
	at java.io.FileInputStream.<init>(FileInputStream.java:146)
	at org.semanticweb.owlapi.io.FileDocumentSource.getInputStream(FileDocumentSource.java:81)
	... 43 more

